[
  {
    "level": "INFO",
    "message": "android.ndkVersion from module build.gradle is 24.0.8215888"
  },
  {
    "level": "INFO",
    "message": "ndk.dir in local.properties is D:\\sdk\\ndk\\24.0.8215888"
  },
  {
    "level": "INFO",
    "message": "ANDROID_NDK_HOME environment variable is not set"
  },
  {
    "level": "INFO",
    "message": "sdkFolder is D:\\sdk"
  },
  {
    "level": "INFO",
    "message": "Considering D:\\sdk\\ndk\\24.0.8215888 by ndk.dir"
  },
  {
    "level": "INFO",
    "message": "Considering D:\\sdk\\ndk-bundle in SDK ndk-bundle folder"
  },
  {
    "level": "INFO",
    "message": "Considering D:\\sdk\\ndk\\16.1.4479499 in SDK ndk folder"
  },
  {
    "level": "INFO",
    "message": "Considering D:\\sdk\\ndk\\21.4.7075529 in SDK ndk folder"
  },
  {
    "level": "INFO",
    "message": "Considering D:\\sdk\\ndk\\24.0.8215888 in SDK ndk folder"
  },
  {
    "level": "INFO",
    "message": "Considering D:\\sdk\\ndk\\25.1.8937393 in SDK ndk folder"
  },
  {
    "level": "INFO",
    "message": "Rejected D:\\sdk\\ndk-bundle in SDK ndk-bundle folder because that location has no source.properties"
  },
  {
    "level": "INFO",
    "message": "Choosing D:\\sdk\\ndk\\24.0.8215888 from ndk.dir which had the requested version 24.0.8215888"
  }
]